[2026-04-19T04:33:21+00:00] Task 4.2/P auto-advanced to L (no executor)
[2026-04-19T04:34:25+00:00] Task 4.2/L running: /Users/jakeclaw/workers/bin/task_4_2_learning.sh
[2026-04-19T04:34:25+00:00] Task 4.2/L rc=0  stdout_tail='learning note written\n'  stderr_tail=''
[2026-04-19T04:34:26+00:00] Task 4.2/L advanced to E
[2026-04-19T04:36:43+00:00] Task 4.2/E running: /Users/jakeclaw/workers/bin/task_4_2_execute.sh
[2026-04-19T04:38:53+00:00] Task 4.2/E rc=1  stdout_tail=''  stderr_tail='/etc/profile.d/lang.sh: line 19: warning: setlocale: LC_CTYPE: cannot change locale (C.UTF-8)\n'
[2026-04-19T04:38:53+00:00] Task 4.2/E FAILED rc=1 — will retry next tick
[2026-04-19T04:41:01+00:00] Task 4.2/E running: /Users/jakeclaw/workers/bin/task_4_2_execute.sh
[2026-04-19T04:41:10+00:00] Task 4.2/E rc=0  stdout_tail='submitted array job 38256316\n'  stderr_tail='/etc/profile.d/lang.sh: line 19: warning: setlocale: LC_CTYPE: cannot change locale (C.UTF-8)\n'
[2026-04-19T04:41:11+00:00] Task 4.2/E advanced to A
[2026-04-19T04:42:17+00:00] Task 4.2/A running: /Users/jakeclaw/workers/bin/task_4_2_assess.sh
[2026-04-19T04:42:21+00:00] Task 4.2/A rc=23  stdout_tail='job 38256316 state: FAILED\n'  stderr_tail='ange locale (C.UTF-8)\nrsync: [sender] link_stat "/home/jakechen/phgdh-sbdd/results/top20_scores.tsv" failed: No such file or directory (2)\nrsync(76634): warning: receiver has empty file list: exiting\n'
[2026-04-19T04:42:21+00:00] Task 4.2/A FAILED rc=23 — will retry next tick
[2026-04-19T04:44:28+00:00] Task 4.2/A cooldown (131s < 240s)
[2026-04-19T04:46:37+00:00] Task 4.2/A running: /Users/jakeclaw/workers/bin/task_4_2_assess.sh
[2026-04-19T04:46:41+00:00] Task 4.2/A rc=23  stdout_tail='job 38256316 state: FAILED\n'  stderr_tail='ange locale (C.UTF-8)\nrsync: [sender] link_stat "/home/jakechen/phgdh-sbdd/results/top20_scores.tsv" failed: No such file or directory (2)\nrsync(77801): warning: receiver has empty file list: exiting\n'
[2026-04-19T04:46:41+00:00] Task 4.2/A FAILED rc=23 — will retry next tick
[2026-04-19T04:48:49+00:00] Task 4.2/A cooldown (132s < 240s)
[2026-04-19T04:50:58+00:00] Task 4.2/A running: /Users/jakeclaw/workers/bin/task_4_2_assess.sh
[2026-04-19T04:51:02+00:00] Task 4.2/A rc=23  stdout_tail='job 38256316 state: FAILED\n'  stderr_tail='ange locale (C.UTF-8)\nrsync: [sender] link_stat "/home/jakechen/phgdh-sbdd/results/top20_scores.tsv" failed: No such file or directory (2)\nrsync(78985): warning: receiver has empty file list: exiting\n'
[2026-04-19T04:51:02+00:00] Task 4.2/A FAILED rc=23 — will retry next tick
[2026-04-19T04:52:09+00:00] Task 4.2/A cooldown (71s < 240s)
[2026-04-19T04:54:17+00:00] Task 4.2/A cooldown (199s < 240s)
[2026-04-19T04:56:25+00:00] Task 4.2/A running: /Users/jakeclaw/workers/bin/task_4_2_assess.sh
[2026-04-19T04:56:30+00:00] Task 4.2/A rc=23  stdout_tail='job 38256316 state: FAILED\n'  stderr_tail='ange locale (C.UTF-8)\nrsync: [sender] link_stat "/home/jakechen/phgdh-sbdd/results/top20_scores.tsv" failed: No such file or directory (2)\nrsync(80512): warning: receiver has empty file list: exiting\n'
[2026-04-19T04:56:30+00:00] Task 4.2/A FAILED rc=23 — will retry next tick
[2026-04-19T04:58:38+00:00] Task 4.2/A cooldown (132s < 240s)
[2026-04-19T05:00:47+00:00] Task 4.2/A running: /Users/jakeclaw/workers/bin/task_4_2_assess.sh
[2026-04-19T05:00:51+00:00] Task 4.2/A rc=23  stdout_tail='job 38256316 state: FAILED\n'  stderr_tail='ange locale (C.UTF-8)\nrsync: [sender] link_stat "/home/jakechen/phgdh-sbdd/results/top20_scores.tsv" failed: No such file or directory (2)\nrsync(81866): warning: receiver has empty file list: exiting\n'
[2026-04-19T05:00:51+00:00] Task 4.2/A FAILED rc=23 — will retry next tick
[2026-04-19T05:02:59+00:00] Task 4.2/A cooldown (132s < 240s)
[2026-04-19T05:06:10+00:00] Task 4.2/A running: /Users/jakeclaw/workers/bin/task_4_2_assess.sh
[2026-04-19T05:06:14+00:00] Task 4.2/A rc=23  stdout_tail='job 38256316 state: FAILED\n'  stderr_tail='ange locale (C.UTF-8)\nrsync: [sender] link_stat "/home/jakechen/phgdh-sbdd/results/top20_scores.tsv" failed: No such file or directory (2)\nrsync(83514): warning: receiver has empty file list: exiting\n'
[2026-04-19T05:06:14+00:00] Task 4.2/A FAILED rc=23 — will retry next tick
[2026-04-19T05:08:23+00:00] Task 4.2/A cooldown (132s < 240s)
[2026-04-19T05:10:33+00:00] Task 4.2/A running: /Users/jakeclaw/workers/bin/task_4_2_assess.sh
[2026-04-19T05:10:37+00:00] Task 4.2/A rc=23  stdout_tail='job 38256316 state: FAILED\n'  stderr_tail='ange locale (C.UTF-8)\nrsync: [sender] link_stat "/home/jakechen/phgdh-sbdd/results/top20_scores.tsv" failed: No such file or directory (2)\nrsync(84840): warning: receiver has empty file list: exiting\n'
[2026-04-19T05:10:37+00:00] Task 4.2/A FAILED rc=23 — will retry next tick
[2026-04-19T05:12:46+00:00] Task 4.2/A cooldown (133s < 240s)
[2026-04-19T05:14:56+00:00] Task 4.2/A running: /Users/jakeclaw/workers/bin/task_4_2_assess.sh
[2026-04-19T05:15:00+00:00] Task 4.2/A rc=23  stdout_tail='job 38256316 state: FAILED\n'  stderr_tail='ange locale (C.UTF-8)\nrsync: [sender] link_stat "/home/jakechen/phgdh-sbdd/results/top20_scores.tsv" failed: No such file or directory (2)\nrsync(86009): warning: receiver has empty file list: exiting\n'
[2026-04-19T05:15:00+00:00] Task 4.2/A FAILED rc=23 — will retry next tick
[2026-04-19T05:16:08+00:00] Task 4.2/A cooldown (72s < 240s)
[2026-04-19T05:18:17+00:00] Task 4.2/A cooldown (201s < 240s)
[2026-04-19T05:20:26+00:00] Task 4.2/A running: /Users/jakeclaw/workers/bin/task_4_2_assess.sh
[2026-04-19T05:20:30+00:00] Task 4.2/A rc=23  stdout_tail='job 38256316 state: FAILED\n'  stderr_tail='ange locale (C.UTF-8)\nrsync: [sender] link_stat "/home/jakechen/phgdh-sbdd/results/top20_scores.tsv" failed: No such file or directory (2)\nrsync(87476): warning: receiver has empty file list: exiting\n'
[2026-04-19T05:20:30+00:00] Task 4.2/A FAILED rc=23 — will retry next tick
[2026-04-19T05:22:40+00:00] Task 4.2/A cooldown (133s < 240s)
[2026-04-19T05:24:49+00:00] Task 4.2/A running: /Users/jakeclaw/workers/bin/task_4_2_assess.sh
[2026-04-19T05:24:53+00:00] Task 4.2/A rc=23  stdout_tail='job 38256316 state: FAILED\n'  stderr_tail='ange locale (C.UTF-8)\nrsync: [sender] link_stat "/home/jakechen/phgdh-sbdd/results/top20_scores.tsv" failed: No such file or directory (2)\nrsync(88748): warning: receiver has empty file list: exiting\n'
[2026-04-19T05:24:53+00:00] Task 4.2/A FAILED rc=23 — will retry next tick
[2026-04-19T05:27:04+00:00] Task 4.2/A cooldown (135s < 240s)
[2026-04-19T05:28:12+00:00] Task 4.2/A cooldown (203s < 240s)
[2026-04-19T05:30:24+00:00] Task 4.2/A running: /Users/jakeclaw/workers/bin/task_4_2_assess.sh
[2026-04-19T05:30:28+00:00] Task 4.2/A rc=23  stdout_tail='job 38256316 state: FAILED\n'  stderr_tail='ange locale (C.UTF-8)\nrsync: [sender] link_stat "/home/jakechen/phgdh-sbdd/results/top20_scores.tsv" failed: No such file or directory (2)\nrsync(90439): warning: receiver has empty file list: exiting\n'
[2026-04-19T05:30:28+00:00] Task 4.2/A FAILED rc=23 — will retry next tick
[2026-04-19T05:32:37+00:00] Task 4.2/A cooldown (133s < 240s)
[2026-04-19T05:34:46+00:00] Task 4.2/A running: /Users/jakeclaw/workers/bin/task_4_2_assess.sh
[2026-04-19T05:34:51+00:00] Task 4.2/A rc=23  stdout_tail='job 38256316 state: FAILED\n'  stderr_tail='ange locale (C.UTF-8)\nrsync: [sender] link_stat "/home/jakechen/phgdh-sbdd/results/top20_scores.tsv" failed: No such file or directory (2)\nrsync(91610): warning: receiver has empty file list: exiting\n'
[2026-04-19T05:34:51+00:00] Task 4.2/A FAILED rc=23 — will retry next tick
[2026-04-19T05:37:01+00:00] Task 4.2/A cooldown (135s < 240s)
[2026-04-19T05:38:09+00:00] Task 4.2/A cooldown (203s < 240s)
